This is pdfTeX, Version 3.141592653-2.6-1.40.26 (TeX Live 2024) (preloaded format=pdflatex 2025.1.11)  13 JAN 2025 15:50
entering extended mode
 restricted \write18 enabled.
 %&-line parsing enabled.
**docs.tex
(./docs.tex
LaTeX2e <2023-11-01> patch level 1
L3 programming layer <2024-02-20>
(/usr/local/texlive/2024/texmf-dist/tex/latex/base/article.cls
Document Class: article 2023/05/17 v1.4n Standard LaTeX document class
(/usr/local/texlive/2024/texmf-dist/tex/latex/base/size12.clo
File: size12.clo 2023/05/17 v1.4n Standard LaTeX file (size option)
)
\c@part=\count188
\c@section=\count189
\c@subsection=\count190
\c@subsubsection=\count191
\c@paragraph=\count192
\c@subparagraph=\count193
\c@figure=\count194
\c@table=\count195
\abovecaptionskip=\skip48
\belowcaptionskip=\skip49
\bibindent=\dimen140
)
(/usr/local/texlive/2024/texmf-dist/tex/generic/babel/babel.sty
Package: babel 2024/02/07 v24.2 The Babel package
\babel@savecnt=\count196
\U@D=\dimen141
\l@unhyphenated=\language89

(/usr/local/texlive/2024/texmf-dist/tex/generic/babel/txtbabel.def)
\bbl@readstream=\read2
\bbl@dirlevel=\count197

(/usr/local/texlive/2024/texmf-dist/tex/generic/babel-polish/polish.ldf
Language: polish 2022/03/12 1.3 Babel support for Polish
Package babel Info: Making " an active character on input line 101.
))
(/usr/local/texlive/2024/texmf-dist/tex/generic/babel/locale/pl/babel-polish.te
x
Package babel Info: Importing font and identification data for polish
(babel)             from babel-pl.ini. Reported on input line 11.
) (/usr/local/texlive/2024/texmf-dist/tex/latex/base/fontenc.sty
Package: fontenc 2021/04/29 v2.0v Standard LaTeX package
)
(/usr/local/texlive/2024/texmf-dist/tex/latex/base/inputenc.sty
Package: inputenc 2021/02/14 v1.3d Input encoding file
\inpenc@prehook=\toks17
\inpenc@posthook=\toks18
)
(/usr/local/texlive/2024/texmf-dist/tex/latex/listings/listings.sty
(/usr/local/texlive/2024/texmf-dist/tex/latex/graphics/keyval.sty
Package: keyval 2022/05/29 v1.15 key=value parser (DPC)
\KV@toks@=\toks19
)
\lst@mode=\count198
\lst@gtempboxa=\box51
\lst@token=\toks20
\lst@length=\count199
\lst@currlwidth=\dimen142
\lst@column=\count266
\lst@pos=\count267
\lst@lostspace=\dimen143
\lst@width=\dimen144
\lst@newlines=\count268
\lst@lineno=\count269
\lst@maxwidth=\dimen145

(/usr/local/texlive/2024/texmf-dist/tex/latex/listings/lstpatch.sty
File: lstpatch.sty 2024/02/21 1.10 (Carsten Heinz)
)
(/usr/local/texlive/2024/texmf-dist/tex/latex/listings/lstmisc.sty
File: lstmisc.sty 2024/02/21 1.10 (Carsten Heinz)
\c@lstnumber=\count270
\lst@skipnumbers=\count271
\lst@framebox=\box52
)
(/usr/local/texlive/2024/texmf-dist/tex/latex/listings/listings.cfg
File: listings.cfg 2024/02/21 1.10 listings configuration
))
Package: listings 2024/02/21 1.10 (Carsten Heinz)

(/usr/local/texlive/2024/texmf-dist/tex/latex/graphics/graphicx.sty
Package: graphicx 2021/09/16 v1.2d Enhanced LaTeX Graphics (DPC,SPQR)

(/usr/local/texlive/2024/texmf-dist/tex/latex/graphics/graphics.sty
Package: graphics 2022/03/10 v1.4e Standard LaTeX Graphics (DPC,SPQR)

(/usr/local/texlive/2024/texmf-dist/tex/latex/graphics/trig.sty
Package: trig 2021/08/11 v1.11 sin cos tan (DPC)
)
(/usr/local/texlive/2024/texmf-dist/tex/latex/graphics-cfg/graphics.cfg
File: graphics.cfg 2016/06/04 v1.11 sample graphics configuration
)
Package graphics Info: Driver file: pdftex.def on input line 107.

(/usr/local/texlive/2024/texmf-dist/tex/latex/graphics-def/pdftex.def
File: pdftex.def 2022/09/22 v1.2b Graphics/color driver for pdftex
))
\Gin@req@height=\dimen146
\Gin@req@width=\dimen147
)
(/usr/local/texlive/2024/texmf-dist/tex/latex/hyperref/hyperref.sty
Package: hyperref 2024-01-20 v7.01h Hypertext links for LaTeX

(/usr/local/texlive/2024/texmf-dist/tex/generic/iftex/iftex.sty
Package: iftex 2022/02/03 v1.0f TeX engine tests
)
(/usr/local/texlive/2024/texmf-dist/tex/latex/kvsetkeys/kvsetkeys.sty
Package: kvsetkeys 2022-10-05 v1.19 Key value parser (HO)
)
(/usr/local/texlive/2024/texmf-dist/tex/generic/kvdefinekeys/kvdefinekeys.sty
Package: kvdefinekeys 2019-12-19 v1.6 Define keys (HO)
)
(/usr/local/texlive/2024/texmf-dist/tex/generic/pdfescape/pdfescape.sty
Package: pdfescape 2019/12/09 v1.15 Implements pdfTeX's escape features (HO)

(/usr/local/texlive/2024/texmf-dist/tex/generic/ltxcmds/ltxcmds.sty
Package: ltxcmds 2023-12-04 v1.26 LaTeX kernel commands for general use (HO)
)
(/usr/local/texlive/2024/texmf-dist/tex/generic/pdftexcmds/pdftexcmds.sty
Package: pdftexcmds 2020-06-27 v0.33 Utility functions of pdfTeX for LuaTeX (HO
)

(/usr/local/texlive/2024/texmf-dist/tex/generic/infwarerr/infwarerr.sty
Package: infwarerr 2019/12/03 v1.5 Providing info/warning/error messages (HO)
)
Package pdftexcmds Info: \pdf@primitive is available.
Package pdftexcmds Info: \pdf@ifprimitive is available.
Package pdftexcmds Info: \pdfdraftmode found.
))
(/usr/local/texlive/2024/texmf-dist/tex/latex/hycolor/hycolor.sty
Package: hycolor 2020-01-27 v1.10 Color options for hyperref/bookmark (HO)
)
(/usr/local/texlive/2024/texmf-dist/tex/latex/auxhook/auxhook.sty
Package: auxhook 2019-12-17 v1.6 Hooks for auxiliary files (HO)
)
(/usr/local/texlive/2024/texmf-dist/tex/latex/hyperref/nameref.sty
Package: nameref 2023-11-26 v2.56 Cross-referencing by name of section

(/usr/local/texlive/2024/texmf-dist/tex/latex/refcount/refcount.sty
Package: refcount 2019/12/15 v3.6 Data extraction from label references (HO)
)
(/usr/local/texlive/2024/texmf-dist/tex/generic/gettitlestring/gettitlestring.s
ty
Package: gettitlestring 2019/12/15 v1.6 Cleanup title references (HO)
 (/usr/local/texlive/2024/texmf-dist/tex/latex/kvoptions/kvoptions.sty
Package: kvoptions 2022-06-15 v3.15 Key value format for package options (HO)
))
\c@section@level=\count272
)
(/usr/local/texlive/2024/texmf-dist/tex/latex/etoolbox/etoolbox.sty
Package: etoolbox 2020/10/05 v2.5k e-TeX tools for LaTeX (JAW)
\etb@tempcnta=\count273
)
\@linkdim=\dimen148
\Hy@linkcounter=\count274
\Hy@pagecounter=\count275

(/usr/local/texlive/2024/texmf-dist/tex/latex/hyperref/pd1enc.def
File: pd1enc.def 2024-01-20 v7.01h Hyperref: PDFDocEncoding definition (HO)
Now handling font encoding PD1 ...
... no UTF-8 mapping file for font encoding PD1
)
(/usr/local/texlive/2024/texmf-dist/tex/generic/intcalc/intcalc.sty
Package: intcalc 2019/12/15 v1.3 Expandable calculations with integers (HO)
)
\Hy@SavedSpaceFactor=\count276

(/usr/local/texlive/2024/texmf-dist/tex/latex/hyperref/puenc.def
File: puenc.def 2024-01-20 v7.01h Hyperref: PDF Unicode definition (HO)
Now handling font encoding PU ...
... no UTF-8 mapping file for font encoding PU
)
Package hyperref Info: Hyper figures OFF on input line 4179.
Package hyperref Info: Link nesting OFF on input line 4184.
Package hyperref Info: Hyper index ON on input line 4187.
Package hyperref Info: Plain pages OFF on input line 4194.
Package hyperref Info: Backreferencing OFF on input line 4199.
Package hyperref Info: Implicit mode ON; LaTeX internals redefined.
Package hyperref Info: Bookmarks ON on input line 4446.
\c@Hy@tempcnt=\count277

(/usr/local/texlive/2024/texmf-dist/tex/latex/url/url.sty
\Urlmuskip=\muskip16
Package: url 2013/09/16  ver 3.4  Verb mode for urls, etc.
)
LaTeX Info: Redefining \url on input line 4784.
\XeTeXLinkMargin=\dimen149

(/usr/local/texlive/2024/texmf-dist/tex/generic/bitset/bitset.sty
Package: bitset 2019/12/09 v1.3 Handle bit-vector datatype (HO)

(/usr/local/texlive/2024/texmf-dist/tex/generic/bigintcalc/bigintcalc.sty
Package: bigintcalc 2019/12/15 v1.5 Expandable calculations on big integers (HO
)
))
\Fld@menulength=\count278
\Field@Width=\dimen150
\Fld@charsize=\dimen151
Package hyperref Info: Hyper figures OFF on input line 6063.
Package hyperref Info: Link nesting OFF on input line 6068.
Package hyperref Info: Hyper index ON on input line 6071.
Package hyperref Info: backreferencing OFF on input line 6078.
Package hyperref Info: Link coloring OFF on input line 6083.
Package hyperref Info: Link coloring with OCG OFF on input line 6088.
Package hyperref Info: PDF/A mode OFF on input line 6093.

(/usr/local/texlive/2024/texmf-dist/tex/latex/base/atbegshi-ltx.sty
Package: atbegshi-ltx 2021/01/10 v1.0c Emulation of the original atbegshi
package with kernel methods
)
\Hy@abspage=\count279
\c@Item=\count280
\c@Hfootnote=\count281
)
Package hyperref Info: Driver (autodetected): hpdftex.

(/usr/local/texlive/2024/texmf-dist/tex/latex/hyperref/hpdftex.def
File: hpdftex.def 2024-01-20 v7.01h Hyperref driver for pdfTeX

(/usr/local/texlive/2024/texmf-dist/tex/latex/base/atveryend-ltx.sty
Package: atveryend-ltx 2020/08/19 v1.0a Emulation of the original atveryend pac
kage
with kernel methods
)
\Fld@listcount=\count282
\c@bookmark@seq@number=\count283

(/usr/local/texlive/2024/texmf-dist/tex/latex/rerunfilecheck/rerunfilecheck.sty
Package: rerunfilecheck 2022-07-10 v1.10 Rerun checks for auxiliary files (HO)

(/usr/local/texlive/2024/texmf-dist/tex/generic/uniquecounter/uniquecounter.sty
Package: uniquecounter 2019/12/15 v1.4 Provide unlimited unique counter (HO)
)
Package uniquecounter Info: New unique counter `rerunfilecheck' on input line 2
85.
)
\Hy@SectionHShift=\skip50
) (/usr/local/texlive/2024/texmf-dist/tex/latex/amsmath/amsmath.sty
Package: amsmath 2023/05/13 v2.17o AMS math features
\@mathmargin=\skip51

For additional information on amsmath, use the `?' option.
(/usr/local/texlive/2024/texmf-dist/tex/latex/amsmath/amstext.sty
Package: amstext 2021/08/26 v2.01 AMS text

(/usr/local/texlive/2024/texmf-dist/tex/latex/amsmath/amsgen.sty
File: amsgen.sty 1999/11/30 v2.0 generic functions
\@emptytoks=\toks21
\ex@=\dimen152
))
(/usr/local/texlive/2024/texmf-dist/tex/latex/amsmath/amsbsy.sty
Package: amsbsy 1999/11/29 v1.2d Bold Symbols
\pmbraise@=\dimen153
)
(/usr/local/texlive/2024/texmf-dist/tex/latex/amsmath/amsopn.sty
Package: amsopn 2022/04/08 v2.04 operator names
)
\inf@bad=\count284
LaTeX Info: Redefining \frac on input line 234.
\uproot@=\count285
\leftroot@=\count286
LaTeX Info: Redefining \overline on input line 399.
LaTeX Info: Redefining \colon on input line 410.
\classnum@=\count287
\DOTSCASE@=\count288
LaTeX Info: Redefining \ldots on input line 496.
LaTeX Info: Redefining \dots on input line 499.
LaTeX Info: Redefining \cdots on input line 620.
\Mathstrutbox@=\box53
\strutbox@=\box54
LaTeX Info: Redefining \big on input line 722.
LaTeX Info: Redefining \Big on input line 723.
LaTeX Info: Redefining \bigg on input line 724.
LaTeX Info: Redefining \Bigg on input line 725.
\big@size=\dimen154
LaTeX Font Info:    Redeclaring font encoding OML on input line 743.
LaTeX Font Info:    Redeclaring font encoding OMS on input line 744.
\macc@depth=\count289
LaTeX Info: Redefining \bmod on input line 905.
LaTeX Info: Redefining \pmod on input line 910.
LaTeX Info: Redefining \smash on input line 940.
LaTeX Info: Redefining \relbar on input line 970.
LaTeX Info: Redefining \Relbar on input line 971.
\c@MaxMatrixCols=\count290
\dotsspace@=\muskip17
\c@parentequation=\count291
\dspbrk@lvl=\count292
\tag@help=\toks22
\row@=\count293
\column@=\count294
\maxfields@=\count295
\andhelp@=\toks23
\eqnshift@=\dimen155
\alignsep@=\dimen156
\tagshift@=\dimen157
\tagwidth@=\dimen158
\totwidth@=\dimen159
\lineht@=\dimen160
\@envbody=\toks24
\multlinegap=\skip52
\multlinetaggap=\skip53
\mathdisplay@stack=\toks25
LaTeX Info: Redefining \[ on input line 2953.
LaTeX Info: Redefining \] on input line 2954.
)
(/usr/local/texlive/2024/texmf-dist/tex/latex/geometry/geometry.sty
Package: geometry 2020/01/02 v5.9 Page Geometry

(/usr/local/texlive/2024/texmf-dist/tex/generic/iftex/ifvtex.sty
Package: ifvtex 2019/10/25 v1.7 ifvtex legacy package. Use iftex instead.
)
\Gm@cnth=\count296
\Gm@cntv=\count297
\c@Gm@tempcnt=\count298
\Gm@bindingoffset=\dimen161
\Gm@wd@mp=\dimen162
\Gm@odd@mp=\dimen163
\Gm@even@mp=\dimen164
\Gm@layoutwidth=\dimen165
\Gm@layoutheight=\dimen166
\Gm@layouthoffset=\dimen167
\Gm@layoutvoffset=\dimen168
\Gm@dimlist=\toks26
)
(/usr/local/texlive/2024/texmf-dist/tex/latex/enumitem/enumitem.sty
Package: enumitem 2019/06/20 v3.9 Customized lists
\labelindent=\skip54
\enit@outerparindent=\dimen169
\enit@toks=\toks27
\enit@inbox=\box55
\enit@count@id=\count299
\enitdp@description=\count300
)
(/usr/local/texlive/2024/texmf-dist/tex/latex/l3backend/l3backend-pdftex.def
File: l3backend-pdftex.def 2024-02-20 L3 backend support: PDF output (pdfTeX)
\l__color_backend_stack_int=\count301
\l__pdf_internal_box=\box56
)
(./docs.aux)
\openout1 = `docs.aux'.

LaTeX Font Info:    Checking defaults for OML/cmm/m/it on input line 24.
LaTeX Font Info:    ... okay on input line 24.
LaTeX Font Info:    Checking defaults for OMS/cmsy/m/n on input line 24.
LaTeX Font Info:    ... okay on input line 24.
LaTeX Font Info:    Checking defaults for OT1/cmr/m/n on input line 24.
LaTeX Font Info:    ... okay on input line 24.
LaTeX Font Info:    Checking defaults for T1/cmr/m/n on input line 24.
LaTeX Font Info:    ... okay on input line 24.
LaTeX Font Info:    Checking defaults for TS1/cmr/m/n on input line 24.
LaTeX Font Info:    ... okay on input line 24.
LaTeX Font Info:    Checking defaults for OMX/cmex/m/n on input line 24.
LaTeX Font Info:    ... okay on input line 24.
LaTeX Font Info:    Checking defaults for U/cmr/m/n on input line 24.
LaTeX Font Info:    ... okay on input line 24.
LaTeX Font Info:    Checking defaults for PD1/pdf/m/n on input line 24.
LaTeX Font Info:    ... okay on input line 24.
LaTeX Font Info:    Checking defaults for PU/pdf/m/n on input line 24.
LaTeX Font Info:    ... okay on input line 24.
\c@lstlisting=\count302

(/usr/local/texlive/2024/texmf-dist/tex/context/base/mkii/supp-pdf.mkii
[Loading MPS to PDF converter (version 2006.09.02).]
\scratchcounter=\count303
\scratchdimen=\dimen170
\scratchbox=\box57
\nofMPsegments=\count304
\nofMParguments=\count305
\everyMPshowfont=\toks28
\MPscratchCnt=\count306
\MPscratchDim=\dimen171
\MPnumerator=\count307
\makeMPintoPDFobject=\count308
\everyMPtoPDFconversion=\toks29
) (/usr/local/texlive/2024/texmf-dist/tex/latex/epstopdf-pkg/epstopdf-base.sty
Package: epstopdf-base 2020-01-24 v2.11 Base part for package epstopdf
Package epstopdf-base Info: Redefining graphics rule for `.eps' on input line 4
85.

(/usr/local/texlive/2024/texmf-dist/tex/latex/latexconfig/epstopdf-sys.cfg
File: epstopdf-sys.cfg 2010/07/13 v1.3 Configuration of (r)epstopdf for TeX Liv
e
))
Package hyperref Info: Link coloring OFF on input line 24.

(./docs.out) (./docs.out)
\@outlinefile=\write3
\openout3 = `docs.out'.


*geometry* driver: auto-detecting
*geometry* detected driver: pdftex
*geometry* verbose mode - [ preamble ] result:
* driver: pdftex
* paper: a4paper
* layout: <same size as paper>
* layoutoffset:(h,v)=(0.0pt,0.0pt)
* modes: 
* h-part:(L,W,R)=(71.13188pt, 455.24411pt, 71.13188pt)
* v-part:(T,H,B)=(56.9055pt, 717.00946pt, 71.13188pt)
* \paperwidth=597.50787pt
* \paperheight=845.04684pt
* \textwidth=455.24411pt
* \textheight=717.00946pt
* \oddsidemargin=-1.1381pt
* \evensidemargin=-1.1381pt
* \topmargin=-52.36449pt
* \headheight=12.0pt
* \headsep=25.0pt
* \topskip=12.0pt
* \footskip=30.0pt
* \marginparwidth=35.0pt
* \marginparsep=10.0pt
* \columnsep=10.0pt
* \skip\footins=10.8pt plus 4.0pt minus 2.0pt
* \hoffset=0.0pt
* \voffset=0.0pt
* \mag=1000
* \@twocolumnfalse
* \@twosidefalse
* \@mparswitchfalse
* \@reversemarginfalse
* (1in=72.27pt=25.4mm, 1cm=28.453pt)

LaTeX Font Info:    Trying to load font information for T1+cmtt on input line 2
7.
(/usr/local/texlive/2024/texmf-dist/tex/latex/base/t1cmtt.fd
File: t1cmtt.fd 2023/04/13 v2.5m Standard LaTeX font definitions
)
LaTeX Font Info:    Font shape `T1/cmtt/bx/n' in size <20.74> not available
(Font)              Font shape `T1/cmtt/m/n' tried instead on input line 27.
 (./docs.toc)
\tf@toc=\write4
\openout4 = `docs.toc'.


[1

{/usr/local/texlive/2024/texmf-var/fonts/map/pdftex/updmap/pdftex.map}{/usr/loc
al/texlive/2024/texmf-dist/fonts/enc/dvips/cm-super/cm-super-t1.enc}]
Overfull \hbox (7.31342pt too wide) in paragraph at lines 65--67
[]\T1/cmtt/m/n/12 FigureGroup \T1/cmr/m/n/12 -- \T1/cmr/m/it/12 kom-po-zyt\T1/c
mr/m/n/12 , za-wiera wek-tor \T1/cmtt/m/n/12 children \T1/cmr/m/n/12 oraz me-to
dy \T1/cmtt/m/n/12 addChild(...)
 []


Overfull \hbox (70.38077pt too wide) in paragraph at lines 88--91
\T1/cmr/m/n/12 (\T1/cmtt/m/n/12 RectFigure\T1/cmr/m/n/12 , \T1/cmtt/m/n/12 Circ
leFigure\T1/cmr/m/n/12 , ...) zwraca od-po-wiedni edy-tor (np. \T1/cmtt/m/n/12 
RectFigurePointEditor\T1/cmr/m/n/12 ). 
 []

[2{/usr/local/texlive/2024/texmf-dist/fonts/enc/dvips/cm-super/cm-super-ts1.enc
}]
Overfull \hbox (4.9343pt too wide) in paragraph at lines 94--97
\T1/cmr/m/n/12 im-ple-men-ta-cj¦ \T1/cmtt/m/n/12 makePointEditor()\T1/cmr/m/n/1
2 , zwra-ca-j¡c wªa-sny typ \T1/cmtt/m/n/12 StarFigurePointEditor\T1/cmr/m/n/12
 . 
 []


Overfull \hbox (38.01642pt too wide) in paragraph at lines 116--118
[]\T1/cmr/m/n/12 W \T1/cmtt/m/n/12 FunctorStrategy \T1/cmr/m/n/12 wy-star-czy p
rze-ka-za¢ lambd¦, np. \T1/cmtt/m/n/12 FunctorStrategy<>{[this]()
 []


Overfull \hbox (39.09996pt too wide) in paragraph at lines 119--122
[]\T1/cmr/bx/n/12 Wektor zmian: \T1/cmr/m/n/12 Aby do-da¢ now¡ pro-st¡ ak-cj¦, 
mo»na utwo-rzy¢ in-stan-cj¦ \T1/cmtt/m/n/12 FunctorStrategy
 []


Overfull \hbox (36.6334pt too wide) in paragraph at lines 130--132
[]\T1/cmtt/m/n/12 PointEditor \T1/cmr/m/n/12 -- in-ter-fejs z me-to-dami \T1/cm
tt/m/n/12 getEditPoints() \T1/cmr/m/n/12 i \T1/cmtt/m/n/12 updatePointPosition(
...)\T1/cmr/m/n/12 , 
 []


Overfull \hbox (13.00703pt too wide) in paragraph at lines 132--134
[]\T1/cmtt/m/n/12 RectFigurePointEditor\T1/cmr/m/n/12 , \T1/cmtt/m/n/12 CircleF
igurePointEditor\T1/cmr/m/n/12 , \T1/cmtt/m/n/12 PolyFigurePointEditor
 []

[3]
Overfull \hbox (56.01205pt too wide) in paragraph at lines 152--154
[]\T1/cmr/m/n/12 Metoda \T1/cmtt/m/n/12 accept(visitor) \T1/cmr/m/n/12 w \T1/cm
tt/m/n/12 Figure \T1/cmr/m/n/12 (b¡d¹ \T1/cmtt/m/n/12 FigureGroup\T1/cmr/m/n/12
 ) wy-wo-ªuje \T1/cmtt/m/n/12 visitor.visit(...)
 []


Overfull \hbox (103.45589pt too wide) in paragraph at lines 168--171
\T1/cmr/m/n/12 ist-nie-j¡-cego pro-to-typu (figura-prototyp jest wcze-±niej ust
a-wiona przez \T1/cmtt/m/n/12 SetFigureInsertStrategy\T1/cmr/m/n/12 ). 
 []


Overfull \hbox (5.26973pt too wide) in paragraph at lines 195--198
[]\T1/cmr/bx/n/12 C++20 \T1/cmr/m/n/12 ^^V W pro-jek-cie u»y-wamy \T1/cmtt/m/n/
12 std::filesystem \T1/cmr/m/n/12 do ob-sªugi pli-ków, \T1/cmtt/m/n/12 std::for
mat
 []

[4]
<./vecedit_screenshot.png, id=129, 751.30687pt x 602.25pt>
File: ./vecedit_screenshot.png Graphic file (type png)
<use ./vecedit_screenshot.png>
Package pdftex.def Info: ./vecedit_screenshot.png  used on input line 221.
(pdftex.def)             Requested size: 341.43307pt x 273.69334pt.
 [5 <./vecedit_screenshot.png>] [6]
Overfull \hbox (25.17873pt too wide) in paragraph at lines 306--307
[]\T1/cmr/bx/n/12 Command \T1/cmr/m/n/12 (w tym \T1/cmtt/m/n/12 RemoveFiguresCo
mmand\T1/cmr/m/n/12 , \T1/cmtt/m/n/12 GroupFiguresCommand \T1/cmr/m/n/12 i \T1/
cmtt/m/n/12 CommandManager\T1/cmr/m/n/12 ):
 []


Overfull \hbox (20.23788pt too wide) in paragraph at lines 313--314
[]\T1/cmr/bx/n/12 Strategy\T1/cmr/m/n/12 : im-ple-men-ta-cja ak-cji ta-kich jak
 \T1/cmtt/m/n/12 SetSelectStrategy\T1/cmr/m/n/12 , \T1/cmtt/m/n/12 OpenDocument
Strategy
 []


Overfull \hbox (20.95505pt too wide) in paragraph at lines 314--315
[]\T1/cmr/bx/n/12 Prototype\T1/cmr/m/n/12 : w \T1/cmtt/m/n/12 FigureBase<> \T1/
cmr/m/n/12 oraz po-szcze-gól-nych fi-gu-rach (\T1/cmtt/m/n/12 RectFigure\T1/cmr
/m/n/12 , \T1/cmtt/m/n/12 CircleFigure
 []

[7]
Overfull \hbox (7.33pt too wide) in paragraph at lines 321--322
[]\T1/cmr/bx/n/12 Visitor\T1/cmr/m/n/12 : im-ple-men-ta-cja \T1/cmtt/m/n/12 Ren
dererVisitor \T1/cmr/m/n/12 (ry-so-wa-nie fi-gur), \T1/cmtt/m/n/12 SvgSerialize
rVisitor
 []


Overfull \hbox (20.95505pt too wide) in paragraph at lines 322--323
[]\T1/cmr/bx/n/12 Prototype\T1/cmr/m/n/12 : w \T1/cmtt/m/n/12 FigureBase<> \T1/
cmr/m/n/12 oraz po-szcze-gól-nych fi-gu-rach (\T1/cmtt/m/n/12 RectFigure\T1/cmr
/m/n/12 , \T1/cmtt/m/n/12 CircleFigure
 []

[8]
LaTeX Font Info:    Font shape `T1/cmtt/bx/n' in size <12> not available
(Font)              Font shape `T1/cmtt/m/n' tried instead on input line 348.
 [9] (./docs.aux)
 ***********
LaTeX2e <2023-11-01> patch level 1
L3 programming layer <2024-02-20>
 ***********
Package rerunfilecheck Info: File `docs.out' has not changed.
(rerunfilecheck)             Checksum: 8AAAA6533EDC8F25BB33607855AD51E6;3101.
 ) 
Here is how much of TeX's memory you used:
 12677 strings out of 474116
 196316 string characters out of 5743682
 1941187 words of memory out of 5000000
 34826 multiletter control sequences out of 15000+600000
 572140 words of font info for 67 fonts, out of 8000000 for 9000
 1141 hyphenation exceptions out of 8191
 75i,7n,79p,324b,684s stack positions out of 10000i,1000n,20000p,200000b,200000s
</usr/local/texlive/2024/texmf-dist/fonts/type1/public/cm-super/sfbi1440.pfb>
</usr/local/texlive/2024/texmf-dist/fonts/type1/public/cm-super/sfbx1200.pfb></
usr/local/texlive/2024/texmf-dist/fonts/type1/public/cm-super/sfbx1440.pfb></us
r/local/texlive/2024/texmf-dist/fonts/type1/public/cm-super/sfbx1728.pfb></usr/
local/texlive/2024/texmf-dist/fonts/type1/public/cm-super/sfbx2074.pfb></usr/lo
cal/texlive/2024/texmf-dist/fonts/type1/public/cm-super/sfrm1095.pfb></usr/loca
l/texlive/2024/texmf-dist/fonts/type1/public/cm-super/sfrm1200.pfb></usr/local/
texlive/2024/texmf-dist/fonts/type1/public/cm-super/sfrm1440.pfb></usr/local/te
xlive/2024/texmf-dist/fonts/type1/public/cm-super/sfti1200.pfb></usr/local/texl
ive/2024/texmf-dist/fonts/type1/public/cm-super/sftt1200.pfb></usr/local/texliv
e/2024/texmf-dist/fonts/type1/public/cm-super/sftt2074.pfb>
Output written on docs.pdf (9 pages, 426240 bytes).
PDF statistics:
 256 PDF objects out of 1000 (max. 8388607)
 217 compressed objects within 3 object streams
 64 named destinations out of 1000 (max. 500000)
 158 words of extra memory for PDF output out of 10000 (max. 10000000)

